Using pre-set license
Built from '2020.3/staging' branch; Version is '2020.3.14f1 (d0d1bb862f9d) revision 13685179'; Using compiler version '192528614'; Build Type 'Release'
OS: 'Windows 10 Home; OS build 19043.1165; Version 2009; 64bit' Language: 'en' Physical Memory: 16314 MB
BatchMode: 1, IsHumanControllingUs: 0, StartBugReporterOnCrash: 0, Is64bit: 1, IsPro: 0

 COMMAND LINE ARGUMENTS:
C:\Program Files\Unity\Hub\Editor\2020.3.14f1\Editor\Unity.exe
-adb2
-batchMode
-noUpm
-name
AssetImportWorker0
-projectPath
D:/Development/ProjectSeed
-logFile
Logs/AssetImportWorker0.log
-srvPort
49297
Successfully changed project path to: D:/Development/ProjectSeed
D:/Development/ProjectSeed
Using Asset Import Pipeline V2.
Refreshing native plugins compatible for Editor in 45.83 ms, found 3 plugins.
Preloading 0 native plugins for Editor in 0.00 ms.
Initialize engine version: 2020.3.14f1 (d0d1bb862f9d)
[Subsystems] Discovering subsystems at path C:/Program Files/Unity/Hub/Editor/2020.3.14f1/Editor/Data/Resources/UnitySubsystems
[Subsystems] Discovering subsystems at path D:/Development/ProjectSeed/Assets
GfxDevice: creating device client; threaded=0
Direct3D:
    Version:  Direct3D 11.0 [level 11.1]
    Renderer: NVIDIA GeForce RTX 2080 (ID=0x1e87)
    Vendor:   
    VRAM:     8010 MB
    Driver:   27.21.14.6109
Initialize mono
Mono path[0] = 'C:/Program Files/Unity/Hub/Editor/2020.3.14f1/Editor/Data/Managed'
Mono path[1] = 'C:/Program Files/Unity/Hub/Editor/2020.3.14f1/Editor/Data/MonoBleedingEdge/lib/mono/unityjit'
Mono config path = 'C:/Program Files/Unity/Hub/Editor/2020.3.14f1/Editor/Data/MonoBleedingEdge/etc'
Using monoOptions --debugger-agent=transport=dt_socket,embedding=1,server=y,suspend=n,address=127.0.0.1:56756
Begin MonoManager ReloadAssembly
Registering precompiled unity dll's ...
Register platform support module: C:/Program Files/Unity/Hub/Editor/2020.3.14f1/Editor/Data/PlaybackEngines/WebGLSupport/UnityEditor.WebGL.Extensions.dll
Register platform support module: C:/Program Files/Unity/Hub/Editor/2020.3.14f1/Editor/Data/PlaybackEngines/WindowsStandaloneSupport/UnityEditor.WindowsStandalone.Extensions.dll
Registered in 0.003600 seconds.
Native extension for WindowsStandalone target not found
Native extension for WebGL target not found
Refreshing native plugins compatible for Editor in 51.21 ms, found 3 plugins.
Preloading 0 native plugins for Editor in 0.00 ms.
Mono: successfully reloaded assembly
- Completed reload, in  1.360 seconds
Domain Reload Profiling:
	ReloadAssembly (1361ms)
		BeginReloadAssembly (65ms)
			ExecutionOrderSort (0ms)
			DisableScriptedObjects (0ms)
			BackupInstance (0ms)
			ReleaseScriptingObjects (0ms)
			CreateAndSetChildDomain (2ms)
		EndReloadAssembly (479ms)
			LoadAssemblies (61ms)
			RebuildTransferFunctionScriptingTraits (0ms)
			SetupTypeCache (164ms)
			ReleaseScriptCaches (0ms)
			RebuildScriptCaches (35ms)
			SetupLoadedEditorAssemblies (197ms)
				LogAssemblyErrors (0ms)
				InitializePlatformSupportModulesInManaged (5ms)
				SetLoadedEditorAssemblies (0ms)
				RefreshPlugins (51ms)
				BeforeProcessingInitializeOnLoad (17ms)
				ProcessInitializeOnLoadAttributes (89ms)
				ProcessInitializeOnLoadMethodAttributes (34ms)
				AfterProcessingInitializeOnLoad (0ms)
				EditorAssembliesLoaded (0ms)
			ExecutionOrderSort2 (0ms)
			AwakeInstancesAfterBackupRestoration (0ms)
Platform modules already initialized, skipping
Registering precompiled user dll's ...
Registered in 0.008194 seconds.
Begin MonoManager ReloadAssembly
Native extension for WindowsStandalone target not found
Native extension for WebGL target not found
Refreshing native plugins compatible for Editor in 51.99 ms, found 3 plugins.
Preloading 0 native plugins for Editor in 0.00 ms.
Mono: successfully reloaded assembly
- Completed reload, in  1.386 seconds
Domain Reload Profiling:
	ReloadAssembly (1387ms)
		BeginReloadAssembly (165ms)
			ExecutionOrderSort (0ms)
			DisableScriptedObjects (6ms)
			BackupInstance (0ms)
			ReleaseScriptingObjects (0ms)
			CreateAndSetChildDomain (21ms)
		EndReloadAssembly (1141ms)
			LoadAssemblies (119ms)
			RebuildTransferFunctionScriptingTraits (0ms)
			SetupTypeCache (368ms)
			ReleaseScriptCaches (0ms)
			RebuildScriptCaches (51ms)
			SetupLoadedEditorAssemblies (450ms)
				LogAssemblyErrors (0ms)
				InitializePlatformSupportModulesInManaged (6ms)
				SetLoadedEditorAssemblies (0ms)
				RefreshPlugins (52ms)
				BeforeProcessingInitializeOnLoad (137ms)
				ProcessInitializeOnLoadAttributes (233ms)
				ProcessInitializeOnLoadMethodAttributes (15ms)
				AfterProcessingInitializeOnLoad (7ms)
				EditorAssembliesLoaded (0ms)
			ExecutionOrderSort2 (0ms)
			AwakeInstancesAfterBackupRestoration (9ms)
Platform modules already initialized, skipping
========================================================================
Worker process is ready to serve import requests
Launched and connected shader compiler UnityShaderCompiler.exe after 0.06 seconds
Refreshing native plugins compatible for Editor in 0.45 ms, found 3 plugins.
Preloading 0 native plugins for Editor in 0.00 ms.
Unloading 2084 Unused Serialized files (Serialized files now loaded: 0)
System memory in use before: 92.9 MB.
System memory in use after: 92.9 MB.

Unloading 33 unused Assets to reduce memory usage. Loaded Objects now: 2517.
Total: 2.184300 ms (FindLiveObjects: 0.189700 ms CreateObjectMapping: 0.071700 ms MarkObjects: 1.808000 ms  DeleteObjects: 0.113700 ms)

AssetImportParameters requested are different than current active one (requested -> active):
  custom:framework-win-MediaFoundation: 216162199b28c13a410421893ffa2e32 -> 
  custom:video-decoder-ogg-theora: a1e56fd34408186e4bbccfd4996cb3dc -> 
  custom:container-muxer-webm: aa71ff27fc2769a1b78a27578f13a17b -> 
  custom:container-demuxer-webm: 4f35f7cbe854078d1ac9338744f61a02 -> 
  custom:container-demuxer-ogg: 62fdf1f143b41e24485cea50d1cbac27 -> 
  custom:video-encoder-webm-vp8: eb34c28f22e8b96e1ab97ce403110664 -> 
  custom:video-decoder-webm-vp8: 9c59270c3fd7afecdb556c50c9e8de78 -> 
  custom:audio-decoder-ogg-vorbis: bf7c407c2cedff20999df2af8eb42d56 -> 
  custom:audio-encoder-webm-vorbis: bf7c407c2cedff20999df2af8eb42d56 -> 
========================================================================
Received Import Request.
  path: Assets/Scenes/SampleScene.unity
  artifactKey: Guid(2cda990e2423bbf4892e6590ba056729) Importer(815301076,1909f56bfc062723c751e8b465ee728b)
Start importing Assets/Scenes/SampleScene.unity using Guid(2cda990e2423bbf4892e6590ba056729) Importer(815301076,1909f56bfc062723c751e8b465ee728b)  -> (artifact id: 'aa27944bdea339c97c39027c7eea529c') in 0.018370 seconds 
  Import took 0.031467 seconds .

========================================================================
Received Import Request.
  Time since last request: 4.619157 seconds.
  path: Assets/Scenes/MainScene.unity
  artifactKey: Guid(2cda990e2423bbf4892e6590ba056729) Importer(815301076,1909f56bfc062723c751e8b465ee728b)
Start importing Assets/Scenes/MainScene.unity using Guid(2cda990e2423bbf4892e6590ba056729) Importer(815301076,1909f56bfc062723c751e8b465ee728b)  -> (artifact id: '18e8003c8cc64cbebb2abe648ca68268') in 0.005697 seconds 
  Import took 0.017267 seconds .

========================================================================
Received Prepare
Registering precompiled user dll's ...
Registered in 0.007313 seconds.
Begin MonoManager ReloadAssembly
Native extension for WindowsStandalone target not found
Native extension for WebGL target not found
Refreshing native plugins compatible for Editor in 0.42 ms, found 3 plugins.
Preloading 0 native plugins for Editor in 0.00 ms.
Mono: successfully reloaded assembly
- Completed reload, in  1.206 seconds
Domain Reload Profiling:
	ReloadAssembly (1207ms)
		BeginReloadAssembly (141ms)
			ExecutionOrderSort (0ms)
			DisableScriptedObjects (7ms)
			BackupInstance (0ms)
			ReleaseScriptingObjects (0ms)
			CreateAndSetChildDomain (41ms)
		EndReloadAssembly (981ms)
			LoadAssemblies (120ms)
			RebuildTransferFunctionScriptingTraits (0ms)
			SetupTypeCache (332ms)
			ReleaseScriptCaches (1ms)
			RebuildScriptCaches (46ms)
			SetupLoadedEditorAssemblies (363ms)
				LogAssemblyErrors (0ms)
				InitializePlatformSupportModulesInManaged (8ms)
				SetLoadedEditorAssemblies (0ms)
				RefreshPlugins (0ms)
				BeforeProcessingInitializeOnLoad (117ms)
				ProcessInitializeOnLoadAttributes (222ms)
				ProcessInitializeOnLoadMethodAttributes (7ms)
				AfterProcessingInitializeOnLoad (8ms)
				EditorAssembliesLoaded (0ms)
			ExecutionOrderSort2 (0ms)
			AwakeInstancesAfterBackupRestoration (13ms)
Platform modules already initialized, skipping
Refreshing native plugins compatible for Editor in 0.60 ms, found 3 plugins.
Preloading 0 native plugins for Editor in 0.00 ms.
Unloading 2095 Unused Serialized files (Serialized files now loaded: 0)
System memory in use before: 94.9 MB.
System memory in use after: 94.3 MB.

Unloading 34 unused Assets to reduce memory usage. Loaded Objects now: 2524.
Total: 2.915000 ms (FindLiveObjects: 0.183700 ms CreateObjectMapping: 0.063200 ms MarkObjects: 2.331900 ms  DeleteObjects: 0.335100 ms)

AssetImportParameters requested are different than current active one (requested -> active):
  custom:framework-win-MediaFoundation: 216162199b28c13a410421893ffa2e32 -> 
  custom:video-decoder-ogg-theora: a1e56fd34408186e4bbccfd4996cb3dc -> 
  custom:container-muxer-webm: aa71ff27fc2769a1b78a27578f13a17b -> 
  custom:container-demuxer-webm: 4f35f7cbe854078d1ac9338744f61a02 -> 
  custom:container-demuxer-ogg: 62fdf1f143b41e24485cea50d1cbac27 -> 
  custom:video-encoder-webm-vp8: eb34c28f22e8b96e1ab97ce403110664 -> 
  custom:video-decoder-webm-vp8: 9c59270c3fd7afecdb556c50c9e8de78 -> 
  custom:audio-decoder-ogg-vorbis: bf7c407c2cedff20999df2af8eb42d56 -> 
  custom:audio-encoder-webm-vorbis: bf7c407c2cedff20999df2af8eb42d56 -> 
========================================================================
Received Import Request.
  Time since last request: 264.185046 seconds.
  path: Assets/UI/Bar/progress_bar.png
  artifactKey: Guid(a61da594dd2d075469c7081a82c8b9c2) Importer(815301076,1909f56bfc062723c751e8b465ee728b)
Start importing Assets/UI/Bar/progress_bar.png using Guid(a61da594dd2d075469c7081a82c8b9c2) Importer(815301076,1909f56bfc062723c751e8b465ee728b)  -> (artifact id: 'ae23a662ea4efea28ff8e3dd6eb730d7') in 0.143327 seconds 
  Import took 0.146628 seconds .

========================================================================
Received Import Request.
  Time since last request: 1.869288 seconds.
  path: Assets/UI/Detail Panels/City Detail Panel.prefab
  artifactKey: Guid(49b9e299c37a12b44b57b551840eea60) Importer(815301076,1909f56bfc062723c751e8b465ee728b)
Start importing Assets/UI/Detail Panels/City Detail Panel.prefab using Guid(49b9e299c37a12b44b57b551840eea60) Importer(815301076,1909f56bfc062723c751e8b465ee728b)  -> (artifact id: '8d3e71cc7dd4ffaa3f1e119b8c5b2ad8') in 0.103525 seconds 
  Import took 0.107047 seconds .

========================================================================
Received Import Request.
  Time since last request: 0.000261 seconds.
  path: Assets/UI/Detail Panels/Oil Slick Detail Panel.prefab
  artifactKey: Guid(235309d270ca97844b27dd53ab283a7e) Importer(815301076,1909f56bfc062723c751e8b465ee728b)
Start importing Assets/UI/Detail Panels/Oil Slick Detail Panel.prefab using Guid(235309d270ca97844b27dd53ab283a7e) Importer(815301076,1909f56bfc062723c751e8b465ee728b)  -> (artifact id: 'bbc12494e8a456a4749b1cc4933ab467') in 0.041057 seconds 
  Import took 0.044480 seconds .

========================================================================
Received Import Request.
  Time since last request: 0.000272 seconds.
  path: Assets/UI/Detail Panels/Derrick Detail Panel.prefab
  artifactKey: Guid(4cc72624753e44d4ba607115221a6e2b) Importer(815301076,1909f56bfc062723c751e8b465ee728b)
Start importing Assets/UI/Detail Panels/Derrick Detail Panel.prefab using Guid(4cc72624753e44d4ba607115221a6e2b) Importer(815301076,1909f56bfc062723c751e8b465ee728b)  -> (artifact id: '3ab7ce6ee3254256b0f1e33012df4e35') in 0.059542 seconds 
  Import took 0.063252 seconds .

========================================================================
Received Import Request.
  Time since last request: 0.000258 seconds.
  path: Assets/UI/Detail Panels/Event Detail Panel.prefab
  artifactKey: Guid(b7afb0988bece8745b3b30e6deb16a75) Importer(815301076,1909f56bfc062723c751e8b465ee728b)
Start importing Assets/UI/Detail Panels/Event Detail Panel.prefab using Guid(b7afb0988bece8745b3b30e6deb16a75) Importer(815301076,1909f56bfc062723c751e8b465ee728b)  -> (artifact id: 'c964da8e0048542e92f6982523c64e92') in 0.036269 seconds 
  Import took 0.039573 seconds .

========================================================================
Received Import Request.
  Time since last request: 0.000223 seconds.
  path: Assets/UI/Detail Panels/CountryRow.prefab
  artifactKey: Guid(45832c93902d6984a9f3be96e914cdd5) Importer(815301076,1909f56bfc062723c751e8b465ee728b)
Start importing Assets/UI/Detail Panels/CountryRow.prefab using Guid(45832c93902d6984a9f3be96e914cdd5) Importer(815301076,1909f56bfc062723c751e8b465ee728b)  -> (artifact id: 'bd3a9ba0dbba2bfd67d4e12e8a0ebec3') in 0.033295 seconds 
  Import took 0.036405 seconds .

========================================================================
Received Import Request.
  Time since last request: 0.000230 seconds.
  path: Assets/UI/Detail Panels/RouteRow.prefab
  artifactKey: Guid(c68b1d07f49d5cd44a8fb40cb984fdf1) Importer(815301076,1909f56bfc062723c751e8b465ee728b)
Start importing Assets/UI/Detail Panels/RouteRow.prefab using Guid(c68b1d07f49d5cd44a8fb40cb984fdf1) Importer(815301076,1909f56bfc062723c751e8b465ee728b)  -> (artifact id: 'b957030702312284385b24e1bb41c6e1') in 0.031123 seconds 
  Import took 0.037542 seconds .

========================================================================
Received Import Request.
  Time since last request: 0.000246 seconds.
  path: Assets/UI/Detail Panels/HQ Detail Pane.prefab
  artifactKey: Guid(304a56d3f209cf54290bced46c3b4801) Importer(815301076,1909f56bfc062723c751e8b465ee728b)
Start importing Assets/UI/Detail Panels/HQ Detail Pane.prefab using Guid(304a56d3f209cf54290bced46c3b4801) Importer(815301076,1909f56bfc062723c751e8b465ee728b)  -> (artifact id: '983aa56ac889d66d38de0ae9a721727e') in 0.038352 seconds 
  Import took 0.041691 seconds .

========================================================================
Received Import Request.
  Time since last request: 0.000210 seconds.
  path: Assets/UI/Detail Panels/Government Detail Panel.prefab
  artifactKey: Guid(f31db8cda74884a49afaf9a88407b58b) Importer(815301076,1909f56bfc062723c751e8b465ee728b)
Start importing Assets/UI/Detail Panels/Government Detail Panel.prefab using Guid(f31db8cda74884a49afaf9a88407b58b) Importer(815301076,1909f56bfc062723c751e8b465ee728b)  -> (artifact id: 'f312dc94d53ac98ad187671821920cef') in 0.038536 seconds 
  Import took 0.049969 seconds .

========================================================================
Received Import Request.
  Time since last request: 0.000244 seconds.
  path: Assets/UI/Detail Panels/Rig Detail Panel.prefab
  artifactKey: Guid(e9d9156949f43d94584faf207f3f941a) Importer(815301076,1909f56bfc062723c751e8b465ee728b)
Start importing Assets/UI/Detail Panels/Rig Detail Panel.prefab using Guid(e9d9156949f43d94584faf207f3f941a) Importer(815301076,1909f56bfc062723c751e8b465ee728b)  -> (artifact id: 'dbf0fdc4509d168c3d6fad8d818153bb') in 0.043673 seconds 
  Import took 0.047166 seconds .

========================================================================
Received Import Request.
  Time since last request: 19.451363 seconds.
  path: Assets/UI/Detail Panels/CityDetailPanel.cs
  artifactKey: Guid(dc8671f54d5129c4e9b892bef4fe284a) Importer(815301076,1909f56bfc062723c751e8b465ee728b)
Start importing Assets/UI/Detail Panels/CityDetailPanel.cs using Guid(dc8671f54d5129c4e9b892bef4fe284a) Importer(815301076,1909f56bfc062723c751e8b465ee728b)  -> (artifact id: '4df789df416e5666c0e8494380e8eb1a') in 0.012461 seconds 
  Import took 0.015457 seconds .

========================================================================
Received Import Request.
  Time since last request: 0.023329 seconds.
  path: Assets/UI/Detail Panels/CityDetailPanel.cs
  artifactKey: Guid(dc8671f54d5129c4e9b892bef4fe284a) Importer(815301076,1909f56bfc062723c751e8b465ee728b)
Start importing Assets/UI/Detail Panels/CityDetailPanel.cs using Guid(dc8671f54d5129c4e9b892bef4fe284a) Importer(815301076,1909f56bfc062723c751e8b465ee728b)  -> (artifact id: '4df789df416e5666c0e8494380e8eb1a') in 0.002518 seconds 
  Import took 0.007004 seconds .

========================================================================
Received Prepare
Registering precompiled user dll's ...
Registered in 0.007296 seconds.
Begin MonoManager ReloadAssembly
Native extension for WindowsStandalone target not found
Native extension for WebGL target not found
Refreshing native plugins compatible for Editor in 0.43 ms, found 3 plugins.
Preloading 0 native plugins for Editor in 0.00 ms.
Mono: successfully reloaded assembly
- Completed reload, in  1.152 seconds
Domain Reload Profiling:
	ReloadAssembly (1153ms)
		BeginReloadAssembly (130ms)
			ExecutionOrderSort (0ms)
			DisableScriptedObjects (9ms)
			BackupInstance (0ms)
			ReleaseScriptingObjects (0ms)
			CreateAndSetChildDomain (39ms)
		EndReloadAssembly (948ms)
			LoadAssemblies (112ms)
			RebuildTransferFunctionScriptingTraits (0ms)
			SetupTypeCache (317ms)
			ReleaseScriptCaches (1ms)
			RebuildScriptCaches (47ms)
			SetupLoadedEditorAssemblies (350ms)
				LogAssemblyErrors (0ms)
				InitializePlatformSupportModulesInManaged (6ms)
				SetLoadedEditorAssemblies (0ms)
				RefreshPlugins (0ms)
				BeforeProcessingInitializeOnLoad (113ms)
				ProcessInitializeOnLoadAttributes (217ms)
				ProcessInitializeOnLoadMethodAttributes (5ms)
				AfterProcessingInitializeOnLoad (8ms)
				EditorAssembliesLoaded (0ms)
			ExecutionOrderSort2 (0ms)
			AwakeInstancesAfterBackupRestoration (10ms)
Platform modules already initialized, skipping
Refreshing native plugins compatible for Editor in 0.41 ms, found 3 plugins.
Preloading 0 native plugins for Editor in 0.00 ms.
Unloading 2100 Unused Serialized files (Serialized files now loaded: 0)
System memory in use before: 98.2 MB.
System memory in use after: 97.5 MB.

Unloading 37 unused Assets to reduce memory usage. Loaded Objects now: 2541.
Total: 3.736300 ms (FindLiveObjects: 0.652300 ms CreateObjectMapping: 0.214300 ms MarkObjects: 2.509500 ms  DeleteObjects: 0.357600 ms)

AssetImportParameters requested are different than current active one (requested -> active):
  custom:framework-win-MediaFoundation: 216162199b28c13a410421893ffa2e32 -> 
  custom:video-decoder-ogg-theora: a1e56fd34408186e4bbccfd4996cb3dc -> 
  custom:container-muxer-webm: aa71ff27fc2769a1b78a27578f13a17b -> 
  custom:container-demuxer-webm: 4f35f7cbe854078d1ac9338744f61a02 -> 
  custom:container-demuxer-ogg: 62fdf1f143b41e24485cea50d1cbac27 -> 
  custom:video-encoder-webm-vp8: eb34c28f22e8b96e1ab97ce403110664 -> 
  custom:video-decoder-webm-vp8: 9c59270c3fd7afecdb556c50c9e8de78 -> 
  custom:audio-decoder-ogg-vorbis: bf7c407c2cedff20999df2af8eb42d56 -> 
  custom:audio-encoder-webm-vorbis: bf7c407c2cedff20999df2af8eb42d56 -> 
========================================================================
Received Import Request.
  Time since last request: 17.026618 seconds.
  path: Assets/UI/BGWithBottomBorder.png
  artifactKey: Guid(e4e50775367f74d23b7568e9ca75b57d) Importer(815301076,1909f56bfc062723c751e8b465ee728b)
Start importing Assets/UI/BGWithBottomBorder.png using Guid(e4e50775367f74d23b7568e9ca75b57d) Importer(815301076,1909f56bfc062723c751e8b465ee728b)  -> (artifact id: '56ea49b96823139c9bc31f98ead145f7') in 0.061766 seconds 
  Import took 0.070973 seconds .

========================================================================
Received Import Request.
  Time since last request: 0.000211 seconds.
  path: Assets/UI/RoundRect.png
  artifactKey: Guid(1268f21660122ae4598e1bc4a0dfe600) Importer(815301076,1909f56bfc062723c751e8b465ee728b)
Start importing Assets/UI/RoundRect.png using Guid(1268f21660122ae4598e1bc4a0dfe600) Importer(815301076,1909f56bfc062723c751e8b465ee728b)  -> (artifact id: '5e431bb4df4a6daf943447da12faa632') in 0.016292 seconds 
  Import took 0.047318 seconds .

========================================================================
Received Import Request.
  Time since last request: 0.000230 seconds.
  path: Assets/UI/CardBG.png
  artifactKey: Guid(3e252276b5c664bee8bff73991584d85) Importer(815301076,1909f56bfc062723c751e8b465ee728b)
Start importing Assets/UI/CardBG.png using Guid(3e252276b5c664bee8bff73991584d85) Importer(815301076,1909f56bfc062723c751e8b465ee728b)  -> (artifact id: '6c6ada16fcf0150a66f5935b4bc8f867') in 0.014179 seconds 
  Import took 0.023773 seconds .

========================================================================
Received Import Request.
  Time since last request: 0.000152 seconds.
  path: Assets/UI/Box Selection Prefab.prefab
  artifactKey: Guid(b039f5c6ad9167444ad0b51f2d9927b3) Importer(815301076,1909f56bfc062723c751e8b465ee728b)
Start importing Assets/UI/Box Selection Prefab.prefab using Guid(b039f5c6ad9167444ad0b51f2d9927b3) Importer(815301076,1909f56bfc062723c751e8b465ee728b)  -> (artifact id: '5309bee9ebc48c43de923bc8dc5abcfb') in 0.043838 seconds 
  Import took 0.055734 seconds .

========================================================================
Received Import Request.
  Time since last request: 0.000248 seconds.
  path: Assets/UI/Card Alert.prefab
  artifactKey: Guid(c63312d9d6c8a41f18b112ce3a16562c) Importer(815301076,1909f56bfc062723c751e8b465ee728b)
Start importing Assets/UI/Card Alert.prefab using Guid(c63312d9d6c8a41f18b112ce3a16562c) Importer(815301076,1909f56bfc062723c751e8b465ee728b)  -> (artifact id: '16d9ad1f510ed642b69836673a8189e3') in 0.068814 seconds 
  Import took 0.072155 seconds .

========================================================================
Received Import Request.
  Time since last request: 0.000238 seconds.
  path: Assets/UI/Tab.png
  artifactKey: Guid(5d86e58de0fe284469116270fbfa2eee) Importer(815301076,1909f56bfc062723c751e8b465ee728b)
Start importing Assets/UI/Tab.png using Guid(5d86e58de0fe284469116270fbfa2eee) Importer(815301076,1909f56bfc062723c751e8b465ee728b)  -> (artifact id: 'f063a672d3d046f5af5f94a7a00fa1a4') in 0.015131 seconds 
  Import took 0.017914 seconds .

========================================================================
Received Import Request.
  Time since last request: 0.000287 seconds.
  path: Assets/UI/JustBottomBorder.png
  artifactKey: Guid(ffb40d35f9fe34871ae672fad5c7a742) Importer(815301076,1909f56bfc062723c751e8b465ee728b)
Start importing Assets/UI/JustBottomBorder.png using Guid(ffb40d35f9fe34871ae672fad5c7a742) Importer(815301076,1909f56bfc062723c751e8b465ee728b)  -> (artifact id: '0be737d49f426567d076dd03c898e1ac') in 0.017329 seconds 
  Import took 0.041616 seconds .

========================================================================
Received Import Request.
  Time since last request: 0.000290 seconds.
  path: Assets/UI/Primary Info Card.prefab
  artifactKey: Guid(028bf554ec2fa413b96a3dd81bcce1b8) Importer(815301076,1909f56bfc062723c751e8b465ee728b)
Start importing Assets/UI/Primary Info Card.prefab using Guid(028bf554ec2fa413b96a3dd81bcce1b8) Importer(815301076,1909f56bfc062723c751e8b465ee728b)  -> (artifact id: 'e2e82532f0ad0de55319aa8489fa752f') in 0.042956 seconds 
  Import took 0.046709 seconds .

========================================================================
Received Import Request.
  Time since last request: 0.000247 seconds.
  path: Assets/UI/White.png
  artifactKey: Guid(dba603d44f146704ca5c9d2c4dfc0a57) Importer(815301076,1909f56bfc062723c751e8b465ee728b)
Start importing Assets/UI/White.png using Guid(dba603d44f146704ca5c9d2c4dfc0a57) Importer(815301076,1909f56bfc062723c751e8b465ee728b)  -> (artifact id: '97e0d17c300d750783799ee77cfc532f') in 0.012724 seconds 
  Import took 0.016576 seconds .

========================================================================
Received Import Request.
  Time since last request: 0.000212 seconds.
  path: Assets/UI/SharpTab.png
  artifactKey: Guid(f7b0c122f453fd940b80b13a0132b76d) Importer(815301076,1909f56bfc062723c751e8b465ee728b)
Start importing Assets/UI/SharpTab.png using Guid(f7b0c122f453fd940b80b13a0132b76d) Importer(815301076,1909f56bfc062723c751e8b465ee728b)  -> (artifact id: '968144bd271cb2316e27891d22a992bc') in 0.012210 seconds 
  Import took 0.015635 seconds .

========================================================================
Received Import Request.
  Time since last request: 0.007913 seconds.
  path: Assets/UI/SharpTab.png
  artifactKey: Guid(f7b0c122f453fd940b80b13a0132b76d) Importer(815301076,1909f56bfc062723c751e8b465ee728b)
Start importing Assets/UI/SharpTab.png using Guid(f7b0c122f453fd940b80b13a0132b76d) Importer(815301076,1909f56bfc062723c751e8b465ee728b)  -> (artifact id: '968144bd271cb2316e27891d22a992bc') in 0.007540 seconds 
  Import took 0.014341 seconds .

========================================================================
Received Import Request.
  Time since last request: 1.149898 seconds.
  path: Assets/UI/Icons/box_selection.png
  artifactKey: Guid(4a042635dc0aa574e96ab8f2ab45adc5) Importer(815301076,1909f56bfc062723c751e8b465ee728b)
Start importing Assets/UI/Icons/box_selection.png using Guid(4a042635dc0aa574e96ab8f2ab45adc5) Importer(815301076,1909f56bfc062723c751e8b465ee728b)  -> (artifact id: '917ebaa77091676504a6353c65138f1c') in 0.015060 seconds 
  Import took 0.018563 seconds .

========================================================================
Received Import Request.
  Time since last request: 0.000289 seconds.
  path: Assets/UI/Icons/OilStorageEmpty.png
  artifactKey: Guid(1315e0d9f6a28ea4c8455360df5e15d2) Importer(815301076,1909f56bfc062723c751e8b465ee728b)
Start importing Assets/UI/Icons/OilStorageEmpty.png using Guid(1315e0d9f6a28ea4c8455360df5e15d2) Importer(815301076,1909f56bfc062723c751e8b465ee728b)  -> (artifact id: '7daa1e6cc7bd8942f638fa770de08e6e') in 0.014241 seconds 
  Import took 0.017919 seconds .

========================================================================
Received Import Request.
  Time since last request: 0.000277 seconds.
  path: Assets/UI/Icons/HQ.png
  artifactKey: Guid(4c44630165d714661a1e8858a78c4cef) Importer(815301076,1909f56bfc062723c751e8b465ee728b)
Start importing Assets/UI/Icons/HQ.png using Guid(4c44630165d714661a1e8858a78c4cef) Importer(815301076,1909f56bfc062723c751e8b465ee728b)  -> (artifact id: '610455ae922c6d0eacbdb3f0d14e1c52') in 0.023029 seconds 
  Import took 0.026116 seconds .

========================================================================
Received Import Request.
  Time since last request: 0.000245 seconds.
  path: Assets/UI/Icons/OilReservesFull.png
  artifactKey: Guid(a5500a4d222ce4178b5a321c6fe0f303) Importer(815301076,1909f56bfc062723c751e8b465ee728b)
Start importing Assets/UI/Icons/OilReservesFull.png using Guid(a5500a4d222ce4178b5a321c6fe0f303) Importer(815301076,1909f56bfc062723c751e8b465ee728b)  -> (artifact id: '3fd8772d509da17c5a80504dbd5f8a37') in 0.011994 seconds 
  Import took 0.017279 seconds .

========================================================================
Received Import Request.
  Time since last request: 0.000261 seconds.
  path: Assets/UI/Icons/Up.png
  artifactKey: Guid(aaca694f3e53240e88202b42ffb6b09e) Importer(815301076,1909f56bfc062723c751e8b465ee728b)
Start importing Assets/UI/Icons/Up.png using Guid(aaca694f3e53240e88202b42ffb6b09e) Importer(815301076,1909f56bfc062723c751e8b465ee728b)  -> (artifact id: 'b70bf0cb1bdf3442a99e8454c11ec213') in 0.013236 seconds 
  Import took 0.018570 seconds .

========================================================================
Received Import Request.
  Time since last request: 0.000304 seconds.
  path: Assets/UI/Icons/Dollar.png
  artifactKey: Guid(dc51b4ac74a68451a963d472a7d03a09) Importer(815301076,1909f56bfc062723c751e8b465ee728b)
Start importing Assets/UI/Icons/Dollar.png using Guid(dc51b4ac74a68451a963d472a7d03a09) Importer(815301076,1909f56bfc062723c751e8b465ee728b)  -> (artifact id: '93c67cfd5fbc0a3d25d3bc7fd3b494c2') in 0.014920 seconds 
  Import took 0.018196 seconds .

========================================================================
Received Import Request.
  Time since last request: 0.000201 seconds.
  path: Assets/UI/Icons/OilStorageFull.png
  artifactKey: Guid(5f7eb317b7d582a44975816f6b9dfae8) Importer(815301076,1909f56bfc062723c751e8b465ee728b)
Start importing Assets/UI/Icons/OilStorageFull.png using Guid(5f7eb317b7d582a44975816f6b9dfae8) Importer(815301076,1909f56bfc062723c751e8b465ee728b)  -> (artifact id: '29eb59751608225304f902d897b037dd') in 0.015159 seconds 
  Import took 0.018450 seconds .

========================================================================
Received Import Request.
  Time since last request: 0.000253 seconds.
  path: Assets/UI/Icons/OilReservesEmpty.png
  artifactKey: Guid(ab402e04e593b4689b947a8d7bef309a) Importer(815301076,1909f56bfc062723c751e8b465ee728b)
Start importing Assets/UI/Icons/OilReservesEmpty.png using Guid(ab402e04e593b4689b947a8d7bef309a) Importer(815301076,1909f56bfc062723c751e8b465ee728b)  -> (artifact id: 'c44310b58208827646b590ddee1e57e0') in 0.014303 seconds 
  Import took 0.017553 seconds .

========================================================================
Received Import Request.
  Time since last request: 0.000267 seconds.
  path: Assets/UI/Icons/Oil.png
  artifactKey: Guid(c82ef92ff15874888b31b13f9d17e7e5) Importer(815301076,1909f56bfc062723c751e8b465ee728b)
Start importing Assets/UI/Icons/Oil.png using Guid(c82ef92ff15874888b31b13f9d17e7e5) Importer(815301076,1909f56bfc062723c751e8b465ee728b)  -> (artifact id: '2bf25c6765cdf8993e72bc5583256e59') in 0.014809 seconds 
  Import took 0.018159 seconds .

========================================================================
Received Import Request.
  Time since last request: 11.291606 seconds.
  path: Assets/UI/Sliders/CircleBG.png
  artifactKey: Guid(58c572d46bf42422f82419bfefe20130) Importer(815301076,1909f56bfc062723c751e8b465ee728b)
Start importing Assets/UI/Sliders/CircleBG.png using Guid(58c572d46bf42422f82419bfefe20130) Importer(815301076,1909f56bfc062723c751e8b465ee728b)  -> (artifact id: 'ac6ecec0c22204aae46fa3a22727fa42') in 0.014495 seconds 
  Import took 0.017646 seconds .

========================================================================
Received Import Request.
  Time since last request: 0.000270 seconds.
  path: Assets/UI/Sliders/Leaf.png
  artifactKey: Guid(8d7ff7846afc84325a7e4324862e1e2b) Importer(815301076,1909f56bfc062723c751e8b465ee728b)
Start importing Assets/UI/Sliders/Leaf.png using Guid(8d7ff7846afc84325a7e4324862e1e2b) Importer(815301076,1909f56bfc062723c751e8b465ee728b)  -> (artifact id: 'ebb1ec4904081a0619f1164a5d06925e') in 0.014055 seconds 
  Import took 0.035508 seconds .

========================================================================
Received Import Request.
  Time since last request: 0.000237 seconds.
  path: Assets/UI/Sliders/MadPerson.png
  artifactKey: Guid(fa6434d6329a242dd880751ce84cca39) Importer(815301076,1909f56bfc062723c751e8b465ee728b)
Start importing Assets/UI/Sliders/MadPerson.png using Guid(fa6434d6329a242dd880751ce84cca39) Importer(815301076,1909f56bfc062723c751e8b465ee728b)  -> (artifact id: '705d78cffa2f543754651945f0ec2414') in 0.018441 seconds 
  Import took 0.060347 seconds .

========================================================================
Received Import Request.
  Time since last request: 0.000264 seconds.
  path: Assets/UI/Sliders/Oil Tanker.png
  artifactKey: Guid(fa367c83b9b294d49a478e0acf3f1701) Importer(815301076,1909f56bfc062723c751e8b465ee728b)
Start importing Assets/UI/Sliders/Oil Tanker.png using Guid(fa367c83b9b294d49a478e0acf3f1701) Importer(815301076,1909f56bfc062723c751e8b465ee728b)  -> (artifact id: 'f097db393532def012f8ba0b3a72130b') in 0.014963 seconds 
  Import took 0.018211 seconds .

========================================================================
Received Import Request.
  Time since last request: 0.000254 seconds.
  path: Assets/UI/Sliders/HappyPerson.png
  artifactKey: Guid(6dc6ae751df304b7f8783c271416cabb) Importer(815301076,1909f56bfc062723c751e8b465ee728b)
Start importing Assets/UI/Sliders/HappyPerson.png using Guid(6dc6ae751df304b7f8783c271416cabb) Importer(815301076,1909f56bfc062723c751e8b465ee728b)  -> (artifact id: '73d555962c085745765e103da0cde028') in 0.015526 seconds 
  Import took 0.018352 seconds .

========================================================================
Received Import Request.
  Time since last request: 0.000276 seconds.
  path: Assets/UI/Sliders/OilStorage.png
  artifactKey: Guid(d54efe957da3b1a4cbdf88911e3cfdb1) Importer(815301076,1909f56bfc062723c751e8b465ee728b)
Start importing Assets/UI/Sliders/OilStorage.png using Guid(d54efe957da3b1a4cbdf88911e3cfdb1) Importer(815301076,1909f56bfc062723c751e8b465ee728b)  -> (artifact id: '753e25155391d79ef53328f107c1ffbe') in 0.014516 seconds 
  Import took 0.030166 seconds .

========================================================================
Received Import Request.
  Time since last request: 0.000287 seconds.
  path: Assets/UI/Sliders/Oil Derrick.png
  artifactKey: Guid(ecc82080abc6d47d39113a7a2797eba1) Importer(815301076,1909f56bfc062723c751e8b465ee728b)
Start importing Assets/UI/Sliders/Oil Derrick.png using Guid(ecc82080abc6d47d39113a7a2797eba1) Importer(815301076,1909f56bfc062723c751e8b465ee728b)  -> (artifact id: '65af9bbff9cef41b7e96628ef44b8d9e') in 0.015632 seconds 
  Import took 0.018466 seconds .

========================================================================
Received Import Request.
  Time since last request: 0.000332 seconds.
  path: Assets/UI/Sliders/OilReserves.png
  artifactKey: Guid(50275dfebb8df48c1b01521ab059eae4) Importer(815301076,1909f56bfc062723c751e8b465ee728b)
Start importing Assets/UI/Sliders/OilReserves.png using Guid(50275dfebb8df48c1b01521ab059eae4) Importer(815301076,1909f56bfc062723c751e8b465ee728b)  -> (artifact id: 'a81ed37fc345f53384a8259d0a381a36') in 0.014269 seconds 
  Import took 0.017481 seconds .

========================================================================
Received Import Request.
  Time since last request: 0.000248 seconds.
  path: Assets/UI/Sliders/Oil Rig.png
  artifactKey: Guid(2f32d864a83bb4587b1eb5d3f3a289e7) Importer(815301076,1909f56bfc062723c751e8b465ee728b)
Start importing Assets/UI/Sliders/Oil Rig.png using Guid(2f32d864a83bb4587b1eb5d3f3a289e7) Importer(815301076,1909f56bfc062723c751e8b465ee728b)  -> (artifact id: 'c2cf268d0ac6c3fa67ada27459648aef') in 0.013473 seconds 
  Import took 0.016327 seconds .

========================================================================
Received Import Request.
  Time since last request: 0.000252 seconds.
  path: Assets/UI/Sliders/Environment.png
  artifactKey: Guid(bdd30fab7d3c448a3a9e723ed86c1a71) Importer(815301076,1909f56bfc062723c751e8b465ee728b)
Start importing Assets/UI/Sliders/Environment.png using Guid(bdd30fab7d3c448a3a9e723ed86c1a71) Importer(815301076,1909f56bfc062723c751e8b465ee728b)  -> (artifact id: 'a433577ac6b6240006ffbe63e8bc1286') in 0.015080 seconds 
  Import took 0.018240 seconds .

========================================================================
Received Import Request.
  Time since last request: 0.000244 seconds.
  path: Assets/UI/Sliders/Sentiment.png
  artifactKey: Guid(1854cac39a0ad46b4850fc0514d9c64d) Importer(815301076,1909f56bfc062723c751e8b465ee728b)
Start importing Assets/UI/Sliders/Sentiment.png using Guid(1854cac39a0ad46b4850fc0514d9c64d) Importer(815301076,1909f56bfc062723c751e8b465ee728b)  -> (artifact id: '84b90c29c87459ae23f3abc489bae154') in 0.015861 seconds 
  Import took 0.018790 seconds .

========================================================================
Received Import Request.
  Time since last request: 0.000230 seconds.
  path: Assets/UI/Sliders/Fire.png
  artifactKey: Guid(91e7cbaa6d8134ae0b1e8b6c7ae07920) Importer(815301076,1909f56bfc062723c751e8b465ee728b)
Start importing Assets/UI/Sliders/Fire.png using Guid(91e7cbaa6d8134ae0b1e8b6c7ae07920) Importer(815301076,1909f56bfc062723c751e8b465ee728b)  -> (artifact id: 'f111be6092f62b72c87d2107257183f4') in 0.013499 seconds 
  Import took 0.038564 seconds .

========================================================================
Received Import Request.
  Time since last request: 0.000257 seconds.
  path: Assets/UI/Sliders/OilTruck.png
  artifactKey: Guid(78b6619f6c05e4954bab55ad1f7b6990) Importer(815301076,1909f56bfc062723c751e8b465ee728b)
Start importing Assets/UI/Sliders/OilTruck.png using Guid(78b6619f6c05e4954bab55ad1f7b6990) Importer(815301076,1909f56bfc062723c751e8b465ee728b)  -> (artifact id: '6d59eeac9154e467a69381571f4a8878') in 0.014790 seconds 
  Import took 0.020073 seconds .

========================================================================
Received Import Request.
  Time since last request: 24.257719 seconds.
  path: Assets/UI/ProgressSlider.cs
  artifactKey: Guid(aa68e793dcc160f40bff8c0033548647) Importer(815301076,1909f56bfc062723c751e8b465ee728b)
Start importing Assets/UI/ProgressSlider.cs using Guid(aa68e793dcc160f40bff8c0033548647) Importer(815301076,1909f56bfc062723c751e8b465ee728b)  -> (artifact id: '3839e90257de84667dda44a828f368c0') in 0.007582 seconds 
  Import took 0.011343 seconds .

========================================================================
Received Import Request.
  Time since last request: 0.001528 seconds.
  path: Assets/UI/ProgressSlider.cs
  artifactKey: Guid(aa68e793dcc160f40bff8c0033548647) Importer(815301076,1909f56bfc062723c751e8b465ee728b)
Start importing Assets/UI/ProgressSlider.cs using Guid(aa68e793dcc160f40bff8c0033548647) Importer(815301076,1909f56bfc062723c751e8b465ee728b)  -> (artifact id: '3839e90257de84667dda44a828f368c0') in 0.002385 seconds 
  Import took 0.005366 seconds .

========================================================================
Received Import Request.
  Time since last request: 1.109854 seconds.
  path: Assets/UI/DeterministicRandomStartRotation.cs
  artifactKey: Guid(aed392367c3768a41a79cbbbbff6cefe) Importer(815301076,1909f56bfc062723c751e8b465ee728b)
Start importing Assets/UI/DeterministicRandomStartRotation.cs using Guid(aed392367c3768a41a79cbbbbff6cefe) Importer(815301076,1909f56bfc062723c751e8b465ee728b)  -> (artifact id: '01293403be08ec5bd9702c362be02da0') in 0.005682 seconds 
  Import took 0.024151 seconds .

========================================================================
Received Import Request.
  Time since last request: 4.589634 seconds.
  path: Assets/UI/BoxSelection.cs
  artifactKey: Guid(3bff0edff7ec9af4fa5cd992ac14d47e) Importer(815301076,1909f56bfc062723c751e8b465ee728b)
Start importing Assets/UI/BoxSelection.cs using Guid(3bff0edff7ec9af4fa5cd992ac14d47e) Importer(815301076,1909f56bfc062723c751e8b465ee728b)  -> (artifact id: '86a8c02a4b6f84d44fc75e8cec469494') in 0.006017 seconds 
  Import took 0.009841 seconds .

========================================================================
Received Import Request.
  Time since last request: 0.027878 seconds.
  path: Assets/UI/BoxSelection.cs
  artifactKey: Guid(3bff0edff7ec9af4fa5cd992ac14d47e) Importer(815301076,1909f56bfc062723c751e8b465ee728b)
Start importing Assets/UI/BoxSelection.cs using Guid(3bff0edff7ec9af4fa5cd992ac14d47e) Importer(815301076,1909f56bfc062723c751e8b465ee728b)  -> (artifact id: '86a8c02a4b6f84d44fc75e8cec469494') in 0.002646 seconds 
  Import took 0.005976 seconds .

========================================================================
Received Prepare
Registering precompiled user dll's ...
Registered in 0.007418 seconds.
Begin MonoManager ReloadAssembly
Native extension for WindowsStandalone target not found
Native extension for WebGL target not found
Refreshing native plugins compatible for Editor in 0.41 ms, found 3 plugins.
Preloading 0 native plugins for Editor in 0.00 ms.
Mono: successfully reloaded assembly
- Completed reload, in  1.197 seconds
Domain Reload Profiling:
	ReloadAssembly (1198ms)
		BeginReloadAssembly (132ms)
			ExecutionOrderSort (0ms)
			DisableScriptedObjects (6ms)
			BackupInstance (0ms)
			ReleaseScriptingObjects (0ms)
			CreateAndSetChildDomain (38ms)
		EndReloadAssembly (989ms)
			LoadAssemblies (126ms)
			RebuildTransferFunctionScriptingTraits (0ms)
			SetupTypeCache (327ms)
			ReleaseScriptCaches (1ms)
			RebuildScriptCaches (48ms)
			SetupLoadedEditorAssemblies (367ms)
				LogAssemblyErrors (0ms)
				InitializePlatformSupportModulesInManaged (6ms)
				SetLoadedEditorAssemblies (0ms)
				RefreshPlugins (0ms)
				BeforeProcessingInitializeOnLoad (115ms)
				ProcessInitializeOnLoadAttributes (231ms)
				ProcessInitializeOnLoadMethodAttributes (5ms)
				AfterProcessingInitializeOnLoad (9ms)
				EditorAssembliesLoaded (0ms)
			ExecutionOrderSort2 (0ms)
			AwakeInstancesAfterBackupRestoration (10ms)
Platform modules already initialized, skipping
Refreshing native plugins compatible for Editor in 0.42 ms, found 3 plugins.
Preloading 0 native plugins for Editor in 0.00 ms.
Unloading 2095 Unused Serialized files (Serialized files now loaded: 0)
System memory in use before: 98.2 MB.
System memory in use after: 97.6 MB.

Unloading 40 unused Assets to reduce memory usage. Loaded Objects now: 2565.
Total: 2.731900 ms (FindLiveObjects: 0.193000 ms CreateObjectMapping: 0.068600 ms MarkObjects: 2.032500 ms  DeleteObjects: 0.436800 ms)

AssetImportParameters requested are different than current active one (requested -> active):
  custom:framework-win-MediaFoundation: 216162199b28c13a410421893ffa2e32 -> 
  custom:video-decoder-ogg-theora: a1e56fd34408186e4bbccfd4996cb3dc -> 
  custom:container-muxer-webm: aa71ff27fc2769a1b78a27578f13a17b -> 
  custom:container-demuxer-webm: 4f35f7cbe854078d1ac9338744f61a02 -> 
  custom:container-demuxer-ogg: 62fdf1f143b41e24485cea50d1cbac27 -> 
  custom:video-encoder-webm-vp8: eb34c28f22e8b96e1ab97ce403110664 -> 
  custom:video-decoder-webm-vp8: 9c59270c3fd7afecdb556c50c9e8de78 -> 
  custom:audio-decoder-ogg-vorbis: bf7c407c2cedff20999df2af8eb42d56 -> 
  custom:audio-encoder-webm-vorbis: bf7c407c2cedff20999df2af8eb42d56 -> 
========================================================================
Received Prepare
Registering precompiled user dll's ...
Registered in 0.008734 seconds.
Begin MonoManager ReloadAssembly
Native extension for WindowsStandalone target not found
Native extension for WebGL target not found
Refreshing native plugins compatible for Editor in 0.43 ms, found 3 plugins.
Preloading 0 native plugins for Editor in 0.00 ms.
Mono: successfully reloaded assembly
- Completed reload, in  1.213 seconds
Domain Reload Profiling:
	ReloadAssembly (1214ms)
		BeginReloadAssembly (129ms)
			ExecutionOrderSort (0ms)
			DisableScriptedObjects (9ms)
			BackupInstance (0ms)
			ReleaseScriptingObjects (0ms)
			CreateAndSetChildDomain (43ms)
		EndReloadAssembly (1003ms)
			LoadAssemblies (116ms)
			RebuildTransferFunctionScriptingTraits (0ms)
			SetupTypeCache (330ms)
			ReleaseScriptCaches (1ms)
			RebuildScriptCaches (48ms)
			SetupLoadedEditorAssemblies (375ms)
				LogAssemblyErrors (0ms)
				InitializePlatformSupportModulesInManaged (6ms)
				SetLoadedEditorAssemblies (0ms)
				RefreshPlugins (0ms)
				BeforeProcessingInitializeOnLoad (119ms)
				ProcessInitializeOnLoadAttributes (234ms)
				ProcessInitializeOnLoadMethodAttributes (7ms)
				AfterProcessingInitializeOnLoad (7ms)
				EditorAssembliesLoaded (0ms)
			ExecutionOrderSort2 (0ms)
			AwakeInstancesAfterBackupRestoration (12ms)
Platform modules already initialized, skipping
Refreshing native plugins compatible for Editor in 0.43 ms, found 3 plugins.
Preloading 0 native plugins for Editor in 0.00 ms.
Unloading 2097 Unused Serialized files (Serialized files now loaded: 0)
System memory in use before: 98.3 MB.
System memory in use after: 97.6 MB.

Unloading 34 unused Assets to reduce memory usage. Loaded Objects now: 2571.
Total: 2.718600 ms (FindLiveObjects: 0.195500 ms CreateObjectMapping: 0.066900 ms MarkObjects: 2.081800 ms  DeleteObjects: 0.373400 ms)

AssetImportParameters requested are different than current active one (requested -> active):
  custom:framework-win-MediaFoundation: 216162199b28c13a410421893ffa2e32 -> 
  custom:video-decoder-ogg-theora: a1e56fd34408186e4bbccfd4996cb3dc -> 
  custom:container-muxer-webm: aa71ff27fc2769a1b78a27578f13a17b -> 
  custom:container-demuxer-webm: 4f35f7cbe854078d1ac9338744f61a02 -> 
  custom:container-demuxer-ogg: 62fdf1f143b41e24485cea50d1cbac27 -> 
  custom:video-encoder-webm-vp8: eb34c28f22e8b96e1ab97ce403110664 -> 
  custom:video-decoder-webm-vp8: 9c59270c3fd7afecdb556c50c9e8de78 -> 
  custom:audio-decoder-ogg-vorbis: bf7c407c2cedff20999df2af8eb42d56 -> 
  custom:audio-encoder-webm-vorbis: bf7c407c2cedff20999df2af8eb42d56 -> 
========================================================================
Received Prepare
Registering precompiled user dll's ...
Registered in 0.007711 seconds.
Begin MonoManager ReloadAssembly
Native extension for WindowsStandalone target not found
Native extension for WebGL target not found
Refreshing native plugins compatible for Editor in 0.48 ms, found 3 plugins.
Preloading 0 native plugins for Editor in 0.00 ms.
Mono: successfully reloaded assembly
- Completed reload, in  1.156 seconds
Domain Reload Profiling:
	ReloadAssembly (1156ms)
		BeginReloadAssembly (122ms)
			ExecutionOrderSort (0ms)
			DisableScriptedObjects (6ms)
			BackupInstance (0ms)
			ReleaseScriptingObjects (0ms)
			CreateAndSetChildDomain (39ms)
		EndReloadAssembly (958ms)
			LoadAssemblies (108ms)
			RebuildTransferFunctionScriptingTraits (0ms)
			SetupTypeCache (313ms)
			ReleaseScriptCaches (1ms)
			RebuildScriptCaches (46ms)
			SetupLoadedEditorAssemblies (364ms)
				LogAssemblyErrors (0ms)
				InitializePlatformSupportModulesInManaged (6ms)
				SetLoadedEditorAssemblies (0ms)
				RefreshPlugins (1ms)
				BeforeProcessingInitializeOnLoad (121ms)
				ProcessInitializeOnLoadAttributes (221ms)
				ProcessInitializeOnLoadMethodAttributes (7ms)
				AfterProcessingInitializeOnLoad (7ms)
				EditorAssembliesLoaded (0ms)
			ExecutionOrderSort2 (0ms)
			AwakeInstancesAfterBackupRestoration (14ms)
Platform modules already initialized, skipping
Refreshing native plugins compatible for Editor in 0.45 ms, found 3 plugins.
Preloading 0 native plugins for Editor in 0.00 ms.
Unloading 2101 Unused Serialized files (Serialized files now loaded: 0)
System memory in use before: 98.4 MB.
System memory in use after: 97.7 MB.

Unloading 34 unused Assets to reduce memory usage. Loaded Objects now: 2579.
Total: 3.340900 ms (FindLiveObjects: 0.446300 ms CreateObjectMapping: 0.205600 ms MarkObjects: 2.283500 ms  DeleteObjects: 0.404300 ms)

AssetImportParameters requested are different than current active one (requested -> active):
  custom:framework-win-MediaFoundation: 216162199b28c13a410421893ffa2e32 -> 
  custom:video-decoder-ogg-theora: a1e56fd34408186e4bbccfd4996cb3dc -> 
  custom:container-muxer-webm: aa71ff27fc2769a1b78a27578f13a17b -> 
  custom:container-demuxer-webm: 4f35f7cbe854078d1ac9338744f61a02 -> 
  custom:container-demuxer-ogg: 62fdf1f143b41e24485cea50d1cbac27 -> 
  custom:video-encoder-webm-vp8: eb34c28f22e8b96e1ab97ce403110664 -> 
  custom:video-decoder-webm-vp8: 9c59270c3fd7afecdb556c50c9e8de78 -> 
  custom:audio-decoder-ogg-vorbis: bf7c407c2cedff20999df2af8eb42d56 -> 
  custom:audio-encoder-webm-vorbis: bf7c407c2cedff20999df2af8eb42d56 -> 
========================================================================
Received Import Request.
  Time since last request: 201.759732 seconds.
  path: Assets/Audio/GlobalMixer.mixer
  artifactKey: Guid(a0420a807fa813e4cb71d6b63902ac1c) Importer(815301076,1909f56bfc062723c751e8b465ee728b)
Start importing Assets/Audio/GlobalMixer.mixer using Guid(a0420a807fa813e4cb71d6b63902ac1c) Importer(815301076,1909f56bfc062723c751e8b465ee728b)  -> (artifact id: '83ac767aff5e7391e3abc69733e97807') in 0.019028 seconds 
  Import took 0.022093 seconds .

========================================================================
Received Import Request.
  Time since last request: 0.000238 seconds.
  path: Assets/Audio/PooledAudioSourceObject.prefab
  artifactKey: Guid(fe776b46bbb1158408005f95954f2ffc) Importer(815301076,1909f56bfc062723c751e8b465ee728b)
Start importing Assets/Audio/PooledAudioSourceObject.prefab using Guid(fe776b46bbb1158408005f95954f2ffc) Importer(815301076,1909f56bfc062723c751e8b465ee728b)  -> (artifact id: '8f141755a7bc20d8b91ebf437762315c') in 0.021135 seconds 
  Import took 0.024503 seconds .

========================================================================
Received Import Request.
  Time since last request: 1.175644 seconds.
  path: Assets/Resources/AudioManager.prefab
  artifactKey: Guid(694d5d12212bc9e4bbc86351a2faeaf7) Importer(815301076,1909f56bfc062723c751e8b465ee728b)
Start importing Assets/Resources/AudioManager.prefab using Guid(694d5d12212bc9e4bbc86351a2faeaf7) Importer(815301076,1909f56bfc062723c751e8b465ee728b)  -> (artifact id: 'e5366524759d6ef0dfc7561eb91bb8ef') in 0.022208 seconds 
  Import took 0.026635 seconds .

========================================================================
Received Prepare
Registering precompiled user dll's ...
Registered in 0.007141 seconds.
Begin MonoManager ReloadAssembly
Native extension for WindowsStandalone target not found
Native extension for WebGL target not found
Refreshing native plugins compatible for Editor in 0.41 ms, found 3 plugins.
Preloading 0 native plugins for Editor in 0.00 ms.
Mono: successfully reloaded assembly
- Completed reload, in  1.149 seconds
Domain Reload Profiling:
	ReloadAssembly (1150ms)
		BeginReloadAssembly (133ms)
			ExecutionOrderSort (0ms)
			DisableScriptedObjects (6ms)
			BackupInstance (0ms)
			ReleaseScriptingObjects (0ms)
			CreateAndSetChildDomain (38ms)
		EndReloadAssembly (943ms)
			LoadAssemblies (113ms)
			RebuildTransferFunctionScriptingTraits (0ms)
			SetupTypeCache (313ms)
			ReleaseScriptCaches (1ms)
			RebuildScriptCaches (47ms)
			SetupLoadedEditorAssemblies (349ms)
				LogAssemblyErrors (0ms)
				InitializePlatformSupportModulesInManaged (6ms)
				SetLoadedEditorAssemblies (0ms)
				RefreshPlugins (0ms)
				BeforeProcessingInitializeOnLoad (115ms)
				ProcessInitializeOnLoadAttributes (213ms)
				ProcessInitializeOnLoadMethodAttributes (5ms)
				AfterProcessingInitializeOnLoad (9ms)
				EditorAssembliesLoaded (0ms)
			ExecutionOrderSort2 (0ms)
			AwakeInstancesAfterBackupRestoration (10ms)
Platform modules already initialized, skipping
Refreshing native plugins compatible for Editor in 0.48 ms, found 3 plugins.
Preloading 0 native plugins for Editor in 0.00 ms.
Unloading 2101 Unused Serialized files (Serialized files now loaded: 0)
System memory in use before: 98.4 MB.
System memory in use after: 97.7 MB.

Unloading 34 unused Assets to reduce memory usage. Loaded Objects now: 2583.
Total: 3.064200 ms (FindLiveObjects: 0.203000 ms CreateObjectMapping: 0.066200 ms MarkObjects: 2.364800 ms  DeleteObjects: 0.429100 ms)

AssetImportParameters requested are different than current active one (requested -> active):
  custom:framework-win-MediaFoundation: 216162199b28c13a410421893ffa2e32 -> 
  custom:video-decoder-ogg-theora: a1e56fd34408186e4bbccfd4996cb3dc -> 
  custom:container-muxer-webm: aa71ff27fc2769a1b78a27578f13a17b -> 
  custom:container-demuxer-webm: 4f35f7cbe854078d1ac9338744f61a02 -> 
  custom:container-demuxer-ogg: 62fdf1f143b41e24485cea50d1cbac27 -> 
  custom:video-encoder-webm-vp8: eb34c28f22e8b96e1ab97ce403110664 -> 
  custom:video-decoder-webm-vp8: 9c59270c3fd7afecdb556c50c9e8de78 -> 
  custom:audio-decoder-ogg-vorbis: bf7c407c2cedff20999df2af8eb42d56 -> 
  custom:audio-encoder-webm-vorbis: bf7c407c2cedff20999df2af8eb42d56 -> 
========================================================================
Received Prepare
Registering precompiled user dll's ...
Registered in 0.007745 seconds.
Begin MonoManager ReloadAssembly
Native extension for WindowsStandalone target not found
Native extension for WebGL target not found
Refreshing native plugins compatible for Editor in 0.44 ms, found 3 plugins.
Preloading 0 native plugins for Editor in 0.00 ms.
Mono: successfully reloaded assembly
- Completed reload, in  1.127 seconds
Domain Reload Profiling:
	ReloadAssembly (1127ms)
		BeginReloadAssembly (129ms)
			ExecutionOrderSort (0ms)
			DisableScriptedObjects (6ms)
			BackupInstance (0ms)
			ReleaseScriptingObjects (0ms)
			CreateAndSetChildDomain (33ms)
		EndReloadAssembly (926ms)
			LoadAssemblies (110ms)
			RebuildTransferFunctionScriptingTraits (0ms)
			SetupTypeCache (299ms)
			ReleaseScriptCaches (1ms)
			RebuildScriptCaches (43ms)
			SetupLoadedEditorAssemblies (350ms)
				LogAssemblyErrors (0ms)
				InitializePlatformSupportModulesInManaged (6ms)
				SetLoadedEditorAssemblies (0ms)
				RefreshPlugins (0ms)
				BeforeProcessingInitializeOnLoad (114ms)
				ProcessInitializeOnLoadAttributes (215ms)
				ProcessInitializeOnLoadMethodAttributes (5ms)
				AfterProcessingInitializeOnLoad (9ms)
				EditorAssembliesLoaded (0ms)
			ExecutionOrderSort2 (0ms)
			AwakeInstancesAfterBackupRestoration (10ms)
Platform modules already initialized, skipping
Refreshing native plugins compatible for Editor in 0.42 ms, found 3 plugins.
Preloading 0 native plugins for Editor in 0.00 ms.
Unloading 2101 Unused Serialized files (Serialized files now loaded: 0)
System memory in use before: 98.4 MB.
System memory in use after: 97.8 MB.

Unloading 34 unused Assets to reduce memory usage. Loaded Objects now: 2587.
Total: 2.654200 ms (FindLiveObjects: 0.193700 ms CreateObjectMapping: 0.063700 ms MarkObjects: 2.016500 ms  DeleteObjects: 0.379200 ms)

AssetImportParameters requested are different than current active one (requested -> active):
  custom:framework-win-MediaFoundation: 216162199b28c13a410421893ffa2e32 -> 
  custom:video-decoder-ogg-theora: a1e56fd34408186e4bbccfd4996cb3dc -> 
  custom:container-muxer-webm: aa71ff27fc2769a1b78a27578f13a17b -> 
  custom:container-demuxer-webm: 4f35f7cbe854078d1ac9338744f61a02 -> 
  custom:container-demuxer-ogg: 62fdf1f143b41e24485cea50d1cbac27 -> 
  custom:video-encoder-webm-vp8: eb34c28f22e8b96e1ab97ce403110664 -> 
  custom:video-decoder-webm-vp8: 9c59270c3fd7afecdb556c50c9e8de78 -> 
  custom:audio-decoder-ogg-vorbis: bf7c407c2cedff20999df2af8eb42d56 -> 
  custom:audio-encoder-webm-vorbis: bf7c407c2cedff20999df2af8eb42d56 -> 
========================================================================
Received Import Request.
  Time since last request: 269.907340 seconds.
  path: Assets/Audio/ButtonSounds.prefab
  artifactKey: Guid(9e04cab3b837bdc4fa7afce306650851) Importer(815301076,1909f56bfc062723c751e8b465ee728b)
Start importing Assets/Audio/ButtonSounds.prefab using Guid(9e04cab3b837bdc4fa7afce306650851) Importer(815301076,1909f56bfc062723c751e8b465ee728b)  -> (artifact id: '3a7982c3addb97e47db0aedf7c978030') in 0.034444 seconds 
  Import took 0.037675 seconds .

========================================================================
Received Prepare
Registering precompiled user dll's ...
Registered in 0.007193 seconds.
Begin MonoManager ReloadAssembly
Native extension for WindowsStandalone target not found
Native extension for WebGL target not found
Refreshing native plugins compatible for Editor in 0.41 ms, found 3 plugins.
Preloading 0 native plugins for Editor in 0.00 ms.
Mono: successfully reloaded assembly
- Completed reload, in  1.083 seconds
Domain Reload Profiling:
	ReloadAssembly (1083ms)
		BeginReloadAssembly (119ms)
			ExecutionOrderSort (0ms)
			DisableScriptedObjects (6ms)
			BackupInstance (0ms)
			ReleaseScriptingObjects (0ms)
			CreateAndSetChildDomain (32ms)
		EndReloadAssembly (894ms)
			LoadAssemblies (108ms)
			RebuildTransferFunctionScriptingTraits (0ms)
			SetupTypeCache (291ms)
			ReleaseScriptCaches (1ms)
			RebuildScriptCaches (44ms)
			SetupLoadedEditorAssemblies (337ms)
				LogAssemblyErrors (0ms)
				InitializePlatformSupportModulesInManaged (6ms)
				SetLoadedEditorAssemblies (0ms)
				RefreshPlugins (0ms)
				BeforeProcessingInitializeOnLoad (112ms)
				ProcessInitializeOnLoadAttributes (206ms)
				ProcessInitializeOnLoadMethodAttributes (5ms)
				AfterProcessingInitializeOnLoad (8ms)
				EditorAssembliesLoaded (0ms)
			ExecutionOrderSort2 (0ms)
			AwakeInstancesAfterBackupRestoration (10ms)
Platform modules already initialized, skipping
Refreshing native plugins compatible for Editor in 0.42 ms, found 3 plugins.
Preloading 0 native plugins for Editor in 0.00 ms.
Unloading 2101 Unused Serialized files (Serialized files now loaded: 0)
System memory in use before: 98.4 MB.
System memory in use after: 97.8 MB.

Unloading 34 unused Assets to reduce memory usage. Loaded Objects now: 2591.
Total: 2.681100 ms (FindLiveObjects: 0.168100 ms CreateObjectMapping: 0.063400 ms MarkObjects: 2.066300 ms  DeleteObjects: 0.381500 ms)

AssetImportParameters requested are different than current active one (requested -> active):
  custom:framework-win-MediaFoundation: 216162199b28c13a410421893ffa2e32 -> 
  custom:video-decoder-ogg-theora: a1e56fd34408186e4bbccfd4996cb3dc -> 
  custom:container-muxer-webm: aa71ff27fc2769a1b78a27578f13a17b -> 
  custom:container-demuxer-webm: 4f35f7cbe854078d1ac9338744f61a02 -> 
  custom:container-demuxer-ogg: 62fdf1f143b41e24485cea50d1cbac27 -> 
  custom:video-encoder-webm-vp8: eb34c28f22e8b96e1ab97ce403110664 -> 
  custom:video-decoder-webm-vp8: 9c59270c3fd7afecdb556c50c9e8de78 -> 
  custom:audio-decoder-ogg-vorbis: bf7c407c2cedff20999df2af8eb42d56 -> 
  custom:audio-encoder-webm-vorbis: bf7c407c2cedff20999df2af8eb42d56 -> 
========================================================================
Received Import Request.
  Time since last request: 39.519329 seconds.
  path: Assets/Audio/SFX/button_press.wav
  artifactKey: Guid(7ad21b2cbc6d6064fbea905deb5bc11f) Importer(815301076,1909f56bfc062723c751e8b465ee728b)
Start importing Assets/Audio/SFX/button_press.wav using Guid(7ad21b2cbc6d6064fbea905deb5bc11f) Importer(815301076,1909f56bfc062723c751e8b465ee728b)  -> (artifact id: '262a0e2077e8b6863c0e827ee4688bc3') in 0.053037 seconds 
  Import took 0.056417 seconds .

========================================================================
Received Import Request.
  Time since last request: 0.000255 seconds.
  path: Assets/Audio/SFX/AlertNotice.mp3
  artifactKey: Guid(9f3b4c70b76a2fe43924f82d3581c074) Importer(815301076,1909f56bfc062723c751e8b465ee728b)
Start importing Assets/Audio/SFX/AlertNotice.mp3 using Guid(9f3b4c70b76a2fe43924f82d3581c074) Importer(815301076,1909f56bfc062723c751e8b465ee728b)  -> (artifact id: '666171a2d1901b51801522a1cb6dda05') in 0.054724 seconds 
  Import took 0.074878 seconds .

========================================================================
Received Import Request.
  Time since last request: 0.000255 seconds.
  path: Assets/Audio/SoundInfo/Button Highlight.asset
  artifactKey: Guid(e96fb8225a2a083409547eea579ad777) Importer(815301076,1909f56bfc062723c751e8b465ee728b)
Start importing Assets/Audio/SoundInfo/Button Highlight.asset using Guid(e96fb8225a2a083409547eea579ad777) Importer(815301076,1909f56bfc062723c751e8b465ee728b)  -> (artifact id: 'a8641fea28ebc79cc880c4af16c5fec3') in 0.010526 seconds 
  Import took 0.013468 seconds .

========================================================================
Received Import Request.
  Time since last request: 0.000184 seconds.
  path: Assets/Audio/SoundInfo/Button Press.asset
  artifactKey: Guid(9a0b6d5316a4f9b459746292bd486520) Importer(815301076,1909f56bfc062723c751e8b465ee728b)
Start importing Assets/Audio/SoundInfo/Button Press.asset using Guid(9a0b6d5316a4f9b459746292bd486520) Importer(815301076,1909f56bfc062723c751e8b465ee728b)  -> (artifact id: 'aa2ff7ee9a2416c00326305ce4e6b375') in 0.007515 seconds 
  Import took 0.012047 seconds .

========================================================================
Received Import Request.
  Time since last request: 0.000366 seconds.
  path: Assets/Audio/SFX/button_release.wav
  artifactKey: Guid(21f403dee37ece14ba9c9b06f41b876c) Importer(815301076,1909f56bfc062723c751e8b465ee728b)
Start importing Assets/Audio/SFX/button_release.wav using Guid(21f403dee37ece14ba9c9b06f41b876c) Importer(815301076,1909f56bfc062723c751e8b465ee728b)  -> (artifact id: '5c4a61610924a97cf5986ec4227c4df3') in 0.011841 seconds 
  Import took 0.020416 seconds .

========================================================================
Received Import Request.
  Time since last request: 0.000217 seconds.
  path: Assets/Audio/SoundInfo/Background Ambiance.asset
  artifactKey: Guid(113664791fc860346a3290c9f6e8063f) Importer(815301076,1909f56bfc062723c751e8b465ee728b)
Start importing Assets/Audio/SoundInfo/Background Ambiance.asset using Guid(113664791fc860346a3290c9f6e8063f) Importer(815301076,1909f56bfc062723c751e8b465ee728b)  -> (artifact id: 'f7e54bcdab3584cab9aba59d171798ad') in 0.007907 seconds 
  Import took 0.011100 seconds .

========================================================================
Received Import Request.
  Time since last request: 0.000188 seconds.
  path: Assets/Audio/SFX/button_highlight.mp3
  artifactKey: Guid(1ab7b3de0fd44e946a5a46b61690b86a) Importer(815301076,1909f56bfc062723c751e8b465ee728b)
Start importing Assets/Audio/SFX/button_highlight.mp3 using Guid(1ab7b3de0fd44e946a5a46b61690b86a) Importer(815301076,1909f56bfc062723c751e8b465ee728b)  -> (artifact id: 'b7bd67f8e4006bbd71891ce8b1c4de92') in 0.012299 seconds 
  Import took 0.016320 seconds .

========================================================================
Received Import Request.
  Time since last request: 0.000372 seconds.
  path: Assets/Audio/SFX/AlertCrowd.mp3
  artifactKey: Guid(28889046690900b42a721c9b12637fe4) Importer(815301076,1909f56bfc062723c751e8b465ee728b)
Start importing Assets/Audio/SFX/AlertCrowd.mp3 using Guid(28889046690900b42a721c9b12637fe4) Importer(815301076,1909f56bfc062723c751e8b465ee728b)  -> (artifact id: '02ba86d9888ec674da7d561411d3dedd') in 0.010932 seconds 
  Import took 0.014139 seconds .

========================================================================
Received Import Request.
  Time since last request: 0.000251 seconds.
  path: Assets/TextMesh Pro/Resources/Style Sheets/Default Style Sheet.asset
  artifactKey: Guid(f952c082cb03451daed3ee968ac6c63e) Importer(815301076,1909f56bfc062723c751e8b465ee728b)
Start importing Assets/TextMesh Pro/Resources/Style Sheets/Default Style Sheet.asset using Guid(f952c082cb03451daed3ee968ac6c63e) Importer(815301076,1909f56bfc062723c751e8b465ee728b)  -> (artifact id: '99846f5a5cef2b9fb3476a6a84d35918') in 0.008453 seconds 
  Import took 0.012631 seconds .

========================================================================
Received Import Request.
  Time since last request: 0.000268 seconds.
  path: Assets/TextMesh Pro/Sprites/EmojiOne.png
  artifactKey: Guid(dffef66376be4fa480fb02b19edbe903) Importer(815301076,1909f56bfc062723c751e8b465ee728b)
Start importing Assets/TextMesh Pro/Sprites/EmojiOne.png using Guid(dffef66376be4fa480fb02b19edbe903) Importer(815301076,1909f56bfc062723c751e8b465ee728b)  -> (artifact id: 'd78a27303d38c5bc73b55289faa0930d') in 0.020877 seconds 
  Import took 0.024177 seconds .

========================================================================
Received Import Request.
  Time since last request: 0.000270 seconds.
  path: Assets/Audio/SFX/error_1.mp3
  artifactKey: Guid(4549976ab1bfa0c419cfdd961cffd229) Importer(815301076,1909f56bfc062723c751e8b465ee728b)
Start importing Assets/Audio/SFX/error_1.mp3 using Guid(4549976ab1bfa0c419cfdd961cffd229) Importer(815301076,1909f56bfc062723c751e8b465ee728b)  -> (artifact id: '8a7f79231b9b0e6bc2fd46f4315f24a3') in 0.011187 seconds 
  Import took 0.015720 seconds .

========================================================================
Received Import Request.
  Time since last request: 0.000274 seconds.
  path: Assets/Audio/SFX/AlertNormalish.mp3
  artifactKey: Guid(578be48a2adaea54b9f351a3e4cba888) Importer(815301076,1909f56bfc062723c751e8b465ee728b)
Start importing Assets/Audio/SFX/AlertNormalish.mp3 using Guid(578be48a2adaea54b9f351a3e4cba888) Importer(815301076,1909f56bfc062723c751e8b465ee728b)  -> (artifact id: '1ae638ac329cba5200886809fd67bd1e') in 0.014669 seconds 
  Import took 0.018434 seconds .

========================================================================
Received Import Request.
  Time since last request: 0.000242 seconds.
  path: Assets/Audio/SFX/demon_voice.mp3
  artifactKey: Guid(743d966ab3c08a04b8704d37e3cc9ca9) Importer(815301076,1909f56bfc062723c751e8b465ee728b)
Start importing Assets/Audio/SFX/demon_voice.mp3 using Guid(743d966ab3c08a04b8704d37e3cc9ca9) Importer(815301076,1909f56bfc062723c751e8b465ee728b)  -> (artifact id: 'e4a59a666ed098ca7f4bff4f6b5faebf') in 0.011796 seconds 
  Import took 0.014770 seconds .

========================================================================
Received Import Request.
  Time since last request: 0.000276 seconds.
  path: Assets/Audio/SoundInfo/Background Music.asset
  artifactKey: Guid(0ef7bada6f41a734d9873bd7b9839b67) Importer(815301076,1909f56bfc062723c751e8b465ee728b)
Start importing Assets/Audio/SoundInfo/Background Music.asset using Guid(0ef7bada6f41a734d9873bd7b9839b67) Importer(815301076,1909f56bfc062723c751e8b465ee728b)  -> (artifact id: 'b2d7cc384b80acecb0f7a7715c96f037') in 0.008175 seconds 
  Import took 0.011356 seconds .

========================================================================
Received Import Request.
  Time since last request: 0.000254 seconds.
  path: Assets/Audio/SoundInfo/Demon Voice.asset
  artifactKey: Guid(dbb3ce75953dd7c4ca20528ae7f2a895) Importer(815301076,1909f56bfc062723c751e8b465ee728b)
Start importing Assets/Audio/SoundInfo/Demon Voice.asset using Guid(dbb3ce75953dd7c4ca20528ae7f2a895) Importer(815301076,1909f56bfc062723c751e8b465ee728b)  -> (artifact id: '26fb218c525aca8028b52b77e0829921') in 0.007676 seconds 
  Import took 0.011106 seconds .

========================================================================
Received Import Request.
  Time since last request: 0.000241 seconds.
  path: Assets/Audio/SFX/button_release_2.mp3
  artifactKey: Guid(08792f32364dc4098b5748454663ae0f) Importer(815301076,1909f56bfc062723c751e8b465ee728b)
Start importing Assets/Audio/SFX/button_release_2.mp3 using Guid(08792f32364dc4098b5748454663ae0f) Importer(815301076,1909f56bfc062723c751e8b465ee728b)  -> (artifact id: 'f06dcc14c7fc58eaa45587dbe067b1e8') in 0.012667 seconds 
  Import took 0.015515 seconds .

========================================================================
Received Import Request.
  Time since last request: 0.000265 seconds.
  path: Assets/Audio/SFX/button_click_2.mp3
  artifactKey: Guid(9e3c21453b920417dad5d22e6b1a08ca) Importer(815301076,1909f56bfc062723c751e8b465ee728b)
Start importing Assets/Audio/SFX/button_click_2.mp3 using Guid(9e3c21453b920417dad5d22e6b1a08ca) Importer(815301076,1909f56bfc062723c751e8b465ee728b)  -> (artifact id: '672e52c61dadad4d73ef8be7314c33ba') in 0.012476 seconds 
  Import took 0.015473 seconds .

========================================================================
Received Import Request.
  Time since last request: 0.000264 seconds.
  path: Assets/Audio/SFX/AlertSevereProblem.mp3
  artifactKey: Guid(cf9a07c7ad5aed34b93d146fc6e7a4db) Importer(815301076,1909f56bfc062723c751e8b465ee728b)
Start importing Assets/Audio/SFX/AlertSevereProblem.mp3 using Guid(cf9a07c7ad5aed34b93d146fc6e7a4db) Importer(815301076,1909f56bfc062723c751e8b465ee728b)  -> (artifact id: '0c178b8b448d8194b4bb5fa18d844b06') in 0.013205 seconds 
  Import took 0.016141 seconds .

========================================================================
Received Import Request.
  Time since last request: 0.000240 seconds.
  path: Assets/Audio/SoundInfo/Button Release.asset
  artifactKey: Guid(efbb0905d08402f429b83c7257c1beff) Importer(815301076,1909f56bfc062723c751e8b465ee728b)
Start importing Assets/Audio/SoundInfo/Button Release.asset using Guid(efbb0905d08402f429b83c7257c1beff) Importer(815301076,1909f56bfc062723c751e8b465ee728b)  -> (artifact id: 'da08dc9d750d6490a0be81b405c552a3') in 0.009113 seconds 
  Import took 0.012365 seconds .

========================================================================
Received Import Request.
  Time since last request: 0.000260 seconds.
  path: Assets/TextMesh Pro/Resources/Sprite Assets/EmojiOne.asset
  artifactKey: Guid(c41005c129ba4d66911b75229fd70b45) Importer(815301076,1909f56bfc062723c751e8b465ee728b)
Start importing Assets/TextMesh Pro/Resources/Sprite Assets/EmojiOne.asset using Guid(c41005c129ba4d66911b75229fd70b45) Importer(815301076,1909f56bfc062723c751e8b465ee728b)  -> (artifact id: '093a2cdfc4701742cd4e2e9653a3929b') in 0.009458 seconds 
  Import took 0.013390 seconds .

========================================================================
Received Import Request.
  Time since last request: 4.915964 seconds.
  path: Assets/Audio/Music/groove_to_that_funky_beat_baby.mp3
  artifactKey: Guid(b1552410e3b2350408f774a5843c7e36) Importer(815301076,1909f56bfc062723c751e8b465ee728b)
Start importing Assets/Audio/Music/groove_to_that_funky_beat_baby.mp3 using Guid(b1552410e3b2350408f774a5843c7e36) Importer(815301076,1909f56bfc062723c751e8b465ee728b)  -> (artifact id: '45269682ba323c70718293d4e617ee2c') in 0.012653 seconds 
  Import took 0.015695 seconds .

========================================================================
Received Import Request.
  Time since last request: 0.000245 seconds.
  path: Assets/TextMesh Pro/Resources/Fonts & Materials/LiberationSans SDF - Outline.mat
  artifactKey: Guid(79459efec17a4d00a321bdcc27bbc385) Importer(815301076,1909f56bfc062723c751e8b465ee728b)
Start importing Assets/TextMesh Pro/Resources/Fonts & Materials/LiberationSans SDF - Outline.mat using Guid(79459efec17a4d00a321bdcc27bbc385) Importer(815301076,1909f56bfc062723c751e8b465ee728b)  -> (artifact id: '289988fcecf3b00d1602f8d2b589f7dd') in 0.099201 seconds 
  Import took 0.102052 seconds .

========================================================================
Received Import Request.
  Time since last request: 0.000253 seconds.
  path: Assets/TextMesh Pro/Resources/Fonts & Materials/LiberationSans SDF - Fallback.asset
  artifactKey: Guid(2e498d1c8094910479dc3e1b768306a4) Importer(815301076,1909f56bfc062723c751e8b465ee728b)
Start importing Assets/TextMesh Pro/Resources/Fonts & Materials/LiberationSans SDF - Fallback.asset using Guid(2e498d1c8094910479dc3e1b768306a4) Importer(815301076,1909f56bfc062723c751e8b465ee728b)  -> (artifact id: 'b8c2210586957436df79bf961aeff06e') in 0.038333 seconds 
  Import took 0.041303 seconds .

========================================================================
Received Import Request.
  Time since last request: 0.000266 seconds.
  path: Assets/TextMesh Pro/Fonts/LiberationSans.ttf
  artifactKey: Guid(e3265ab4bf004d28a9537516768c1c75) Importer(815301076,1909f56bfc062723c751e8b465ee728b)
Start importing Assets/TextMesh Pro/Fonts/LiberationSans.ttf using Guid(e3265ab4bf004d28a9537516768c1c75) Importer(815301076,1909f56bfc062723c751e8b465ee728b)  -> (artifact id: 'bdddd331c3f1b7826858a8d92db67e39') in 0.036326 seconds 
  Import took 0.039222 seconds .

========================================================================
Received Import Request.
  Time since last request: 0.000176 seconds.
  path: Assets/TextMesh Pro/Resources/Fonts & Materials/LiberationSans SDF - Drop Shadow.mat
  artifactKey: Guid(e73a58f6e2794ae7b1b7e50b7fb811b0) Importer(815301076,1909f56bfc062723c751e8b465ee728b)
Start importing Assets/TextMesh Pro/Resources/Fonts & Materials/LiberationSans SDF - Drop Shadow.mat using Guid(e73a58f6e2794ae7b1b7e50b7fb811b0) Importer(815301076,1909f56bfc062723c751e8b465ee728b)  -> (artifact id: 'ca0d2861f60500f05bd29199894f7bb5') in 0.079273 seconds 
  Import took 0.107400 seconds .

========================================================================
Received Import Request.
  Time since last request: 0.000274 seconds.
  path: Assets/TextMesh Pro/Resources/Fonts & Materials/LiberationSans SDF.asset
  artifactKey: Guid(8f586378b4e144a9851e7b34d9b748ee) Importer(815301076,1909f56bfc062723c751e8b465ee728b)
Start importing Assets/TextMesh Pro/Resources/Fonts & Materials/LiberationSans SDF.asset using Guid(8f586378b4e144a9851e7b34d9b748ee) Importer(815301076,1909f56bfc062723c751e8b465ee728b)  -> (artifact id: 'f1280cc7be10b532b2897fc8654f95d3') in 0.042240 seconds 
  Import took 0.045479 seconds .

========================================================================
Received Import Request.
  Time since last request: 22.307028 seconds.
  path: Assets/Audio
  artifactKey: Guid(e8a88511e859c084c959785ee9085885) Importer(815301076,1909f56bfc062723c751e8b465ee728b)
Start importing Assets/Audio using Guid(e8a88511e859c084c959785ee9085885) Importer(815301076,1909f56bfc062723c751e8b465ee728b)  -> (artifact id: '59f16bb9cfb706fa9c010d2b89d1430c') in 0.005840 seconds 
  Import took 0.021832 seconds .

========================================================================
Received Prepare
Registering precompiled user dll's ...
Registered in 0.007039 seconds.
Begin MonoManager ReloadAssembly
Native extension for WindowsStandalone target not found
Native extension for WebGL target not found
Refreshing native plugins compatible for Editor in 0.49 ms, found 3 plugins.
Preloading 0 native plugins for Editor in 0.00 ms.
Mono: successfully reloaded assembly
- Completed reload, in  1.187 seconds
Domain Reload Profiling:
	ReloadAssembly (1187ms)
		BeginReloadAssembly (135ms)
			ExecutionOrderSort (0ms)
			DisableScriptedObjects (6ms)
			BackupInstance (0ms)
			ReleaseScriptingObjects (0ms)
			CreateAndSetChildDomain (34ms)
		EndReloadAssembly (965ms)
			LoadAssemblies (122ms)
			RebuildTransferFunctionScriptingTraits (0ms)
			SetupTypeCache (316ms)
			ReleaseScriptCaches (1ms)
			RebuildScriptCaches (48ms)
			SetupLoadedEditorAssemblies (364ms)
				LogAssemblyErrors (0ms)
				InitializePlatformSupportModulesInManaged (6ms)
				SetLoadedEditorAssemblies (1ms)
				RefreshPlugins (1ms)
				BeforeProcessingInitializeOnLoad (114ms)
				ProcessInitializeOnLoadAttributes (227ms)
				ProcessInitializeOnLoadMethodAttributes (5ms)
				AfterProcessingInitializeOnLoad (10ms)
				EditorAssembliesLoaded (0ms)
			ExecutionOrderSort2 (0ms)
			AwakeInstancesAfterBackupRestoration (11ms)
Platform modules already initialized, skipping
Refreshing native plugins compatible for Editor in 0.43 ms, found 3 plugins.
Preloading 0 native plugins for Editor in 0.00 ms.
Unloading 2102 Unused Serialized files (Serialized files now loaded: 0)
System memory in use before: 99.0 MB.
System memory in use after: 98.3 MB.

Unloading 33 unused Assets to reduce memory usage. Loaded Objects now: 2637.
Total: 2.937100 ms (FindLiveObjects: 0.179800 ms CreateObjectMapping: 0.083600 ms MarkObjects: 2.115400 ms  DeleteObjects: 0.557100 ms)

AssetImportParameters requested are different than current active one (requested -> active):
  custom:framework-win-MediaFoundation: 216162199b28c13a410421893ffa2e32 -> 
  custom:video-decoder-ogg-theora: a1e56fd34408186e4bbccfd4996cb3dc -> 
  custom:container-muxer-webm: aa71ff27fc2769a1b78a27578f13a17b -> 
  custom:container-demuxer-webm: 4f35f7cbe854078d1ac9338744f61a02 -> 
  custom:container-demuxer-ogg: 62fdf1f143b41e24485cea50d1cbac27 -> 
  custom:video-encoder-webm-vp8: eb34c28f22e8b96e1ab97ce403110664 -> 
  custom:video-decoder-webm-vp8: 9c59270c3fd7afecdb556c50c9e8de78 -> 
  custom:audio-decoder-ogg-vorbis: bf7c407c2cedff20999df2af8eb42d56 -> 
  custom:audio-encoder-webm-vorbis: bf7c407c2cedff20999df2af8eb42d56 -> 
========================================================================
Received Import Request.
  Time since last request: 51.040388 seconds.
  path: Assets/Audio/ButtonSounds.prefab
  artifactKey: Guid(9e04cab3b837bdc4fa7afce306650851) Importer(815301076,1909f56bfc062723c751e8b465ee728b)
Start importing Assets/Audio/ButtonSounds.prefab using Guid(9e04cab3b837bdc4fa7afce306650851) Importer(815301076,1909f56bfc062723c751e8b465ee728b)  -> (artifact id: '386fff7f46e681611c361ad02415b35f') in 0.029231 seconds 
  Import took 0.032450 seconds .

========================================================================
Received Prepare
Registering precompiled user dll's ...
Registered in 0.006976 seconds.
Begin MonoManager ReloadAssembly
Native extension for WindowsStandalone target not found
Native extension for WebGL target not found
Refreshing native plugins compatible for Editor in 0.42 ms, found 3 plugins.
Preloading 0 native plugins for Editor in 0.00 ms.
Mono: successfully reloaded assembly
- Completed reload, in  1.112 seconds
Domain Reload Profiling:
	ReloadAssembly (1112ms)
		BeginReloadAssembly (118ms)
			ExecutionOrderSort (0ms)
			DisableScriptedObjects (7ms)
			BackupInstance (0ms)
			ReleaseScriptingObjects (0ms)
			CreateAndSetChildDomain (31ms)
		EndReloadAssembly (923ms)
			LoadAssemblies (106ms)
			RebuildTransferFunctionScriptingTraits (0ms)
			SetupTypeCache (304ms)
			ReleaseScriptCaches (1ms)
			RebuildScriptCaches (44ms)
			SetupLoadedEditorAssemblies (351ms)
				LogAssemblyErrors (0ms)
				InitializePlatformSupportModulesInManaged (7ms)
				SetLoadedEditorAssemblies (0ms)
				RefreshPlugins (0ms)
				BeforeProcessingInitializeOnLoad (110ms)
				ProcessInitializeOnLoadAttributes (217ms)
				ProcessInitializeOnLoadMethodAttributes (7ms)
				AfterProcessingInitializeOnLoad (9ms)
				EditorAssembliesLoaded (0ms)
			ExecutionOrderSort2 (0ms)
			AwakeInstancesAfterBackupRestoration (15ms)
Platform modules already initialized, skipping
Refreshing native plugins compatible for Editor in 0.42 ms, found 3 plugins.
Preloading 0 native plugins for Editor in 0.00 ms.
Unloading 2101 Unused Serialized files (Serialized files now loaded: 0)
System memory in use before: 98.9 MB.
System memory in use after: 98.2 MB.

Unloading 33 unused Assets to reduce memory usage. Loaded Objects now: 2641.
Total: 3.197400 ms (FindLiveObjects: 0.181900 ms CreateObjectMapping: 0.073300 ms MarkObjects: 2.574800 ms  DeleteObjects: 0.366600 ms)

AssetImportParameters requested are different than current active one (requested -> active):
  custom:framework-win-MediaFoundation: 216162199b28c13a410421893ffa2e32 -> 
  custom:video-decoder-ogg-theora: a1e56fd34408186e4bbccfd4996cb3dc -> 
  custom:container-muxer-webm: aa71ff27fc2769a1b78a27578f13a17b -> 
  custom:container-demuxer-webm: 4f35f7cbe854078d1ac9338744f61a02 -> 
  custom:container-demuxer-ogg: 62fdf1f143b41e24485cea50d1cbac27 -> 
  custom:video-encoder-webm-vp8: eb34c28f22e8b96e1ab97ce403110664 -> 
  custom:video-decoder-webm-vp8: 9c59270c3fd7afecdb556c50c9e8de78 -> 
  custom:audio-decoder-ogg-vorbis: bf7c407c2cedff20999df2af8eb42d56 -> 
  custom:audio-encoder-webm-vorbis: bf7c407c2cedff20999df2af8eb42d56 -> 
========================================================================
Received Import Request.
  Time since last request: 85.257470 seconds.
  path: Assets/Audio/ButtonSounds.prefab
  artifactKey: Guid(9e04cab3b837bdc4fa7afce306650851) Importer(815301076,1909f56bfc062723c751e8b465ee728b)
Start importing Assets/Audio/ButtonSounds.prefab using Guid(9e04cab3b837bdc4fa7afce306650851) Importer(815301076,1909f56bfc062723c751e8b465ee728b)  -> (artifact id: 'e0cf8bd1e5f472a848fd661475b4ef65') in 0.029426 seconds 
  Import took 0.053950 seconds .

========================================================================
Received Prepare
Registering precompiled user dll's ...
Registered in 0.011133 seconds.
Begin MonoManager ReloadAssembly
Native extension for WindowsStandalone target not found
Native extension for WebGL target not found
Refreshing native plugins compatible for Editor in 0.56 ms, found 3 plugins.
Preloading 0 native plugins for Editor in 0.00 ms.
Mono: successfully reloaded assembly
- Completed reload, in  1.093 seconds
Domain Reload Profiling:
	ReloadAssembly (1093ms)
		BeginReloadAssembly (114ms)
			ExecutionOrderSort (0ms)
			DisableScriptedObjects (6ms)
			BackupInstance (0ms)
			ReleaseScriptingObjects (0ms)
			CreateAndSetChildDomain (31ms)
		EndReloadAssembly (910ms)
			LoadAssemblies (104ms)
			RebuildTransferFunctionScriptingTraits (0ms)
			SetupTypeCache (290ms)
			ReleaseScriptCaches (1ms)
			RebuildScriptCaches (44ms)
			SetupLoadedEditorAssemblies (348ms)
				LogAssemblyErrors (0ms)
				InitializePlatformSupportModulesInManaged (6ms)
				SetLoadedEditorAssemblies (1ms)
				RefreshPlugins (1ms)
				BeforeProcessingInitializeOnLoad (112ms)
				ProcessInitializeOnLoadAttributes (216ms)
				ProcessInitializeOnLoadMethodAttributes (6ms)
				AfterProcessingInitializeOnLoad (7ms)
				EditorAssembliesLoaded (0ms)
			ExecutionOrderSort2 (0ms)
			AwakeInstancesAfterBackupRestoration (11ms)
Platform modules already initialized, skipping
Refreshing native plugins compatible for Editor in 0.41 ms, found 3 plugins.
Preloading 0 native plugins for Editor in 0.00 ms.
Unloading 2101 Unused Serialized files (Serialized files now loaded: 0)
System memory in use before: 98.9 MB.
System memory in use after: 98.3 MB.

Unloading 33 unused Assets to reduce memory usage. Loaded Objects now: 2645.
Total: 3.045700 ms (FindLiveObjects: 0.185900 ms CreateObjectMapping: 0.085300 ms MarkObjects: 2.381200 ms  DeleteObjects: 0.392200 ms)

AssetImportParameters requested are different than current active one (requested -> active):
  custom:framework-win-MediaFoundation: 216162199b28c13a410421893ffa2e32 -> 
  custom:video-decoder-ogg-theora: a1e56fd34408186e4bbccfd4996cb3dc -> 
  custom:container-muxer-webm: aa71ff27fc2769a1b78a27578f13a17b -> 
  custom:container-demuxer-webm: 4f35f7cbe854078d1ac9338744f61a02 -> 
  custom:container-demuxer-ogg: 62fdf1f143b41e24485cea50d1cbac27 -> 
  custom:video-encoder-webm-vp8: eb34c28f22e8b96e1ab97ce403110664 -> 
  custom:video-decoder-webm-vp8: 9c59270c3fd7afecdb556c50c9e8de78 -> 
  custom:audio-decoder-ogg-vorbis: bf7c407c2cedff20999df2af8eb42d56 -> 
  custom:audio-encoder-webm-vorbis: bf7c407c2cedff20999df2af8eb42d56 -> 
